d:\vsproject\troice python package manager\troice python package manager\x64\release\vc143.pdb
d:\vsproject\troice python package manager\troice python package manager\x64\release\mainfile.obj
d:\vsproject\troice python package manager\troice python package manager\x64\release\imgui_widgets.obj
d:\vsproject\troice python package manager\troice python package manager\x64\release\imgui_tables.obj
d:\vsproject\troice python package manager\troice python package manager\x64\release\imgui_impl_win32.obj
d:\vsproject\troice python package manager\troice python package manager\x64\release\imgui_impl_dx11.obj
d:\vsproject\troice python package manager\troice python package manager\x64\release\imgui_draw.obj
d:\vsproject\troice python package manager\troice python package manager\x64\release\imgui_demo.obj
d:\vsproject\troice python package manager\troice python package manager\x64\release\imgui.obj
d:\vsproject\troice python package manager\x64\release\troice python package manager.exe
d:\vsproject\troice python package manager\troice python package manager\x64\release\troice python package manager.ipdb
d:\vsproject\troice python package manager\x64\release\troice python package manager.pdb
d:\vsproject\troice python package manager\troice python package manager\x64\release\troice python package manager.iobj
d:\vsproject\troice python package manager\troice python package manager\x64\release\troice p.501d7932.tlog\cl.command.1.tlog
d:\vsproject\troice python package manager\troice python package manager\x64\release\troice p.501d7932.tlog\cl.items.tlog
d:\vsproject\troice python package manager\troice python package manager\x64\release\troice p.501d7932.tlog\cl.read.1.tlog
d:\vsproject\troice python package manager\troice python package manager\x64\release\troice p.501d7932.tlog\cl.write.1.tlog
d:\vsproject\troice python package manager\troice python package manager\x64\release\troice p.501d7932.tlog\link.command.1.tlog
d:\vsproject\troice python package manager\troice python package manager\x64\release\troice p.501d7932.tlog\link.read.1.tlog
d:\vsproject\troice python package manager\troice python package manager\x64\release\troice p.501d7932.tlog\link.write.1.tlog
